d:\abertay\year3\networking\coursework - safe copy\sfml\pacmanvsghost\pacmanvsghost\x64\debug\vc143.pdb
d:\abertay\year3\networking\coursework - safe copy\sfml\pacmanvsghost\pacmanvsghost\x64\debug\vc143.idb
d:\abertay\year3\networking\coursework - safe copy\sfml\pacmanvsghost\pacmanvsghost\x64\debug\ui.obj
d:\abertay\year3\networking\coursework - safe copy\sfml\pacmanvsghost\pacmanvsghost\x64\debug\pacman.obj
d:\abertay\year3\networking\coursework - safe copy\sfml\pacmanvsghost\pacmanvsghost\x64\debug\level.obj
d:\abertay\year3\networking\coursework - safe copy\sfml\pacmanvsghost\pacmanvsghost\x64\debug\vectorhelper.obj
d:\abertay\year3\networking\coursework - safe copy\sfml\pacmanvsghost\pacmanvsghost\x64\debug\tilemap.obj
d:\abertay\year3\networking\coursework - safe copy\sfml\pacmanvsghost\pacmanvsghost\x64\debug\soundobject.obj
d:\abertay\year3\networking\coursework - safe copy\sfml\pacmanvsghost\pacmanvsghost\x64\debug\musicobject.obj
d:\abertay\year3\networking\coursework - safe copy\sfml\pacmanvsghost\pacmanvsghost\x64\debug\input.obj
d:\abertay\year3\networking\coursework - safe copy\sfml\pacmanvsghost\pacmanvsghost\x64\debug\gamestate.obj
d:\abertay\year3\networking\coursework - safe copy\sfml\pacmanvsghost\pacmanvsghost\x64\debug\gameobject.obj
d:\abertay\year3\networking\coursework - safe copy\sfml\pacmanvsghost\pacmanvsghost\x64\debug\collision.obj
d:\abertay\year3\networking\coursework - safe copy\sfml\pacmanvsghost\pacmanvsghost\x64\debug\baselevel.obj
d:\abertay\year3\networking\coursework - safe copy\sfml\pacmanvsghost\pacmanvsghost\x64\debug\audiomanager.obj
d:\abertay\year3\networking\coursework - safe copy\sfml\pacmanvsghost\pacmanvsghost\x64\debug\animation.obj
d:\abertay\year3\networking\coursework - safe copy\sfml\pacmanvsghost\pacmanvsghost\x64\debug\networking.obj
d:\abertay\year3\networking\coursework - safe copy\sfml\pacmanvsghost\pacmanvsghost\x64\debug\main.obj
d:\abertay\year3\networking\coursework - safe copy\sfml\pacmanvsghost\pacmanvsghost\x64\debug\ghosts.obj
d:\abertay\year3\networking\coursework - safe copy\sfml\pacmanvsghost\pacmanvsghost\x64\debug\balls.obj
d:\abertay\year3\networking\coursework - safe copy\sfml\pacmanvsghost\pacmanvsghost\x64\debug\pacmanvsghost.ilk
d:\abertay\year3\networking\coursework - safe copy\sfml\pacmanvsghost\x64\debug\pacmanvsghost.pdb
d:\abertay\year3\networking\coursework - safe copy\sfml\pacmanvsghost\x64\debug\pacmanvsghost.exe
d:\abertay\year3\networking\coursework - safe copy\sfml\pacmanvsghost\pacmanvsghost\x64\debug\pacmanvsghost.tlog\cl.command.1.tlog
d:\abertay\year3\networking\coursework - safe copy\sfml\pacmanvsghost\pacmanvsghost\x64\debug\pacmanvsghost.tlog\cl.items.tlog
d:\abertay\year3\networking\coursework - safe copy\sfml\pacmanvsghost\pacmanvsghost\x64\debug\pacmanvsghost.tlog\cl.read.1.tlog
d:\abertay\year3\networking\coursework - safe copy\sfml\pacmanvsghost\pacmanvsghost\x64\debug\pacmanvsghost.tlog\cl.write.1.tlog
d:\abertay\year3\networking\coursework - safe copy\sfml\pacmanvsghost\pacmanvsghost\x64\debug\pacmanvsghost.tlog\link.command.1.tlog
d:\abertay\year3\networking\coursework - safe copy\sfml\pacmanvsghost\pacmanvsghost\x64\debug\pacmanvsghost.tlog\link.read.1.tlog
d:\abertay\year3\networking\coursework - safe copy\sfml\pacmanvsghost\pacmanvsghost\x64\debug\pacmanvsghost.tlog\link.write.1.tlog
